<?xml version='1.0' encoding='UTF-8'?>
<testsuite hostname="newvm" name="simulation.GatlingSpec" tests="1" errors="0" failures="0" skipped="0" time="507944.848" timestamp="2020-07-11T18:34:13">
                     <properties>
[...]
</properties>
                     <testcase classname="simulation.GatlingSpec" name="" time="507944.848">
                                                 
                                               </testcase>
                     <system-out><![CDATA[]]></system-out>
                     <system-err><![CDATA[]]></system-err>
                   </testsuite>